The system is: Linux - 5.15.32-v7l+ - armv7l
Compiling the C compiler identification source file "CMakeCCompilerId.c" succeeded.
Compiler: /usr/bin/cc 
Build flags: 
Id flags:  

The output was:
0


Compilation of the C compiler identification source "CMakeCCompilerId.c" produced "a.out"

The C compiler identification is GNU, found in "/home/bonbonbaron/hack/fluidbean/build/CMakeFiles/3.18.4/CompilerIdC/a.out"

Compiling the CXX compiler identification source file "CMakeCXXCompilerId.cpp" succeeded.
Compiler: /usr/bin/c++ 
Build flags: 
Id flags:  

The output was:
0


Compilation of the CXX compiler identification source "CMakeCXXCompilerId.cpp" produced "a.out"

The CXX compiler identification is GNU, found in "/home/bonbonbaron/hack/fluidbean/build/CMakeFiles/3.18.4/CompilerIdCXX/a.out"

Detecting C compiler ABI info compiled with the following output:
Change Dir: /home/bonbonbaron/hack/fluidbean/build/CMakeFiles/CMakeTmp

Run Build Command(s):/usr/bin/gmake cmTC_a5ef1/fast && /usr/bin/gmake  -f CMakeFiles/cmTC_a5ef1.dir/build.make CMakeFiles/cmTC_a5ef1.dir/build
gmake[1]: Entering directory '/home/bonbonbaron/hack/fluidbean/build/CMakeFiles/CMakeTmp'
Building C object CMakeFiles/cmTC_a5ef1.dir/CMakeCCompilerABI.c.o
/usr/bin/cc   -v -o CMakeFiles/cmTC_a5ef1.dir/CMakeCCompilerABI.c.o -c /usr/share/cmake-3.18/Modules/CMakeCCompilerABI.c
Using built-in specs.
COLLECT_GCC=/usr/bin/cc
Target: arm-linux-gnueabihf
Configured with: ../src/configure -v --with-pkgversion='Raspbian 10.2.1-6+rpi1' --with-bugurl=file:///usr/share/doc/gcc-10/README.Bugs --enable-languages=c,ada,c++,go,d,fortran,objc,obj-c++,m2 --prefix=/usr --with-gcc-major-version-only --program-suffix=-10 --program-prefix=arm-linux-gnueabihf- --enable-shared --enable-linker-build-id --libexecdir=/usr/lib --without-included-gettext --enable-threads=posix --libdir=/usr/lib --enable-nls --enable-bootstrap --enable-clocale=gnu --enable-libstdcxx-debug --enable-libstdcxx-time=yes --with-default-libstdcxx-abi=new --enable-gnu-unique-object --disable-libitm --disable-libquadmath --disable-libquadmath-support --enable-plugin --with-system-zlib --enable-libphobos-checking=release --with-target-system-zlib=auto --enable-objc-gc=auto --enable-multiarch --disable-sjlj-exceptions --with-arch=armv6 --with-fpu=vfp --with-float=hard --disable-werror --enable-checking=release --build=arm-linux-gnueabihf --host=arm-linux-gnueabihf --target=arm-linux-gnueabihf
Thread model: posix
Supported LTO compression algorithms: zlib zstd
gcc version 10.2.1 20210110 (Raspbian 10.2.1-6+rpi1) 
COLLECT_GCC_OPTIONS='-v' '-o' 'CMakeFiles/cmTC_a5ef1.dir/CMakeCCompilerABI.c.o' '-c'  '-mfloat-abi=hard' '-mfpu=vfp' '-mtls-dialect=gnu' '-marm' '-march=armv6+fp'
 /usr/lib/gcc/arm-linux-gnueabihf/10/cc1 -quiet -v -imultilib . -imultiarch arm-linux-gnueabihf /usr/share/cmake-3.18/Modules/CMakeCCompilerABI.c -quiet -dumpbase CMakeCCompilerABI.c -mfloat-abi=hard -mfpu=vfp -mtls-dialect=gnu -marm -march=armv6+fp -auxbase-strip CMakeFiles/cmTC_a5ef1.dir/CMakeCCompilerABI.c.o -version -o /tmp/ccqheQj0.s
GNU C17 (Raspbian 10.2.1-6+rpi1) version 10.2.1 20210110 (arm-linux-gnueabihf)
	compiled by GNU C version 10.2.1 20210110, GMP version 6.2.1, MPFR version 4.1.0, MPC version 1.2.0, isl version isl-0.23-GMP

GGC heuristics: --param ggc-min-expand=100 --param ggc-min-heapsize=131072
ignoring nonexistent directory "/usr/local/include/arm-linux-gnueabihf"
ignoring nonexistent directory "/usr/lib/gcc/arm-linux-gnueabihf/10/include-fixed"
ignoring nonexistent directory "/usr/lib/gcc/arm-linux-gnueabihf/10/../../../../arm-linux-gnueabihf/include"
#include "..." search starts here:
#include <...> search starts here:
 /usr/lib/gcc/arm-linux-gnueabihf/10/include
 /usr/local/include
 /usr/include/arm-linux-gnueabihf
 /usr/include
End of search list.
GNU C17 (Raspbian 10.2.1-6+rpi1) version 10.2.1 20210110 (arm-linux-gnueabihf)
	compiled by GNU C version 10.2.1 20210110, GMP version 6.2.1, MPFR version 4.1.0, MPC version 1.2.0, isl version isl-0.23-GMP

GGC heuristics: --param ggc-min-expand=100 --param ggc-min-heapsize=131072
Compiler executable checksum: b0c2f0ffcfbe7fc710aaf45c31c63944
COLLECT_GCC_OPTIONS='-v' '-o' 'CMakeFiles/cmTC_a5ef1.dir/CMakeCCompilerABI.c.o' '-c'  '-mfloat-abi=hard' '-mfpu=vfp' '-mtls-dialect=gnu' '-marm' '-march=armv6+fp'
 as -v -march=armv6 -mfloat-abi=hard -mfpu=vfp -meabi=5 -o CMakeFiles/cmTC_a5ef1.dir/CMakeCCompilerABI.c.o /tmp/ccqheQj0.s
GNU assembler version 2.35.2 (arm-linux-gnueabihf) using BFD version (GNU Binutils for Raspbian) 2.35.2
COMPILER_PATH=/usr/lib/gcc/arm-linux-gnueabihf/10/:/usr/lib/gcc/arm-linux-gnueabihf/10/:/usr/lib/gcc/arm-linux-gnueabihf/:/usr/lib/gcc/arm-linux-gnueabihf/10/:/usr/lib/gcc/arm-linux-gnueabihf/
LIBRARY_PATH=/usr/lib/gcc/arm-linux-gnueabihf/10/:/usr/lib/gcc/arm-linux-gnueabihf/10/../../../arm-linux-gnueabihf/:/usr/lib/gcc/arm-linux-gnueabihf/10/../../../:/lib/arm-linux-gnueabihf/:/lib/:/usr/lib/arm-linux-gnueabihf/:/usr/lib/
COLLECT_GCC_OPTIONS='-v' '-o' 'CMakeFiles/cmTC_a5ef1.dir/CMakeCCompilerABI.c.o' '-c'  '-mfloat-abi=hard' '-mfpu=vfp' '-mtls-dialect=gnu' '-marm' '-march=armv6+fp'
Linking C executable cmTC_a5ef1
/usr/bin/cmake -E cmake_link_script CMakeFiles/cmTC_a5ef1.dir/link.txt --verbose=1
/usr/bin/cc  -v -rdynamic CMakeFiles/cmTC_a5ef1.dir/CMakeCCompilerABI.c.o -o cmTC_a5ef1 
Using built-in specs.
COLLECT_GCC=/usr/bin/cc
COLLECT_LTO_WRAPPER=/usr/lib/gcc/arm-linux-gnueabihf/10/lto-wrapper
Target: arm-linux-gnueabihf
Configured with: ../src/configure -v --with-pkgversion='Raspbian 10.2.1-6+rpi1' --with-bugurl=file:///usr/share/doc/gcc-10/README.Bugs --enable-languages=c,ada,c++,go,d,fortran,objc,obj-c++,m2 --prefix=/usr --with-gcc-major-version-only --program-suffix=-10 --program-prefix=arm-linux-gnueabihf- --enable-shared --enable-linker-build-id --libexecdir=/usr/lib --without-included-gettext --enable-threads=posix --libdir=/usr/lib --enable-nls --enable-bootstrap --enable-clocale=gnu --enable-libstdcxx-debug --enable-libstdcxx-time=yes --with-default-libstdcxx-abi=new --enable-gnu-unique-object --disable-libitm --disable-libquadmath --disable-libquadmath-support --enable-plugin --with-system-zlib --enable-libphobos-checking=release --with-target-system-zlib=auto --enable-objc-gc=auto --enable-multiarch --disable-sjlj-exceptions --with-arch=armv6 --with-fpu=vfp --with-float=hard --disable-werror --enable-checking=release --build=arm-linux-gnueabihf --host=arm-linux-gnueabihf --target=arm-linux-gnueabihf
Thread model: posix
Supported LTO compression algorithms: zlib zstd
gcc version 10.2.1 20210110 (Raspbian 10.2.1-6+rpi1) 
COMPILER_PATH=/usr/lib/gcc/arm-linux-gnueabihf/10/:/usr/lib/gcc/arm-linux-gnueabihf/10/:/usr/lib/gcc/arm-linux-gnueabihf/:/usr/lib/gcc/arm-linux-gnueabihf/10/:/usr/lib/gcc/arm-linux-gnueabihf/
LIBRARY_PATH=/usr/lib/gcc/arm-linux-gnueabihf/10/:/usr/lib/gcc/arm-linux-gnueabihf/10/../../../arm-linux-gnueabihf/:/usr/lib/gcc/arm-linux-gnueabihf/10/../../../:/lib/arm-linux-gnueabihf/:/lib/:/usr/lib/arm-linux-gnueabihf/:/usr/lib/
COLLECT_GCC_OPTIONS='-v' '-rdynamic' '-o' 'cmTC_a5ef1'  '-mfloat-abi=hard' '-mfpu=vfp' '-mtls-dialect=gnu' '-marm' '-march=armv6+fp'
 /usr/lib/gcc/arm-linux-gnueabihf/10/collect2 -plugin /usr/lib/gcc/arm-linux-gnueabihf/10/liblto_plugin.so -plugin-opt=/usr/lib/gcc/arm-linux-gnueabihf/10/lto-wrapper -plugin-opt=-fresolution=/tmp/cccB7rHq.res -plugin-opt=-pass-through=-lgcc -plugin-opt=-pass-through=-lgcc_s -plugin-opt=-pass-through=-lc -plugin-opt=-pass-through=-lgcc -plugin-opt=-pass-through=-lgcc_s --build-id --eh-frame-hdr -export-dynamic -dynamic-linker /lib/ld-linux-armhf.so.3 -X --hash-style=gnu --as-needed -m armelf_linux_eabi -o cmTC_a5ef1 /usr/lib/gcc/arm-linux-gnueabihf/10/../../../arm-linux-gnueabihf/crt1.o /usr/lib/gcc/arm-linux-gnueabihf/10/../../../arm-linux-gnueabihf/crti.o /usr/lib/gcc/arm-linux-gnueabihf/10/crtbegin.o -L/usr/lib/gcc/arm-linux-gnueabihf/10 -L/usr/lib/gcc/arm-linux-gnueabihf/10/../../../arm-linux-gnueabihf -L/usr/lib/gcc/arm-linux-gnueabihf/10/../../.. -L/lib/arm-linux-gnueabihf -L/usr/lib/arm-linux-gnueabihf CMakeFiles/cmTC_a5ef1.dir/CMakeCCompilerABI.c.o -lgcc --push-state --as-needed -lgcc_s --pop-state -lc -lgcc --push-state --as-needed -lgcc_s --pop-state /usr/lib/gcc/arm-linux-gnueabihf/10/crtend.o /usr/lib/gcc/arm-linux-gnueabihf/10/../../../arm-linux-gnueabihf/crtn.o
COLLECT_GCC_OPTIONS='-v' '-rdynamic' '-o' 'cmTC_a5ef1'  '-mfloat-abi=hard' '-mfpu=vfp' '-mtls-dialect=gnu' '-marm' '-march=armv6+fp'
gmake[1]: Leaving directory '/home/bonbonbaron/hack/fluidbean/build/CMakeFiles/CMakeTmp'



Parsed C implicit include dir info from above output: rv=done
  found start of include info
  found start of implicit include info
    add: [/usr/lib/gcc/arm-linux-gnueabihf/10/include]
    add: [/usr/local/include]
    add: [/usr/include/arm-linux-gnueabihf]
    add: [/usr/include]
  end of search list found
  collapse include dir [/usr/lib/gcc/arm-linux-gnueabihf/10/include] ==> [/usr/lib/gcc/arm-linux-gnueabihf/10/include]
  collapse include dir [/usr/local/include] ==> [/usr/local/include]
  collapse include dir [/usr/include/arm-linux-gnueabihf] ==> [/usr/include/arm-linux-gnueabihf]
  collapse include dir [/usr/include] ==> [/usr/include]
  implicit include dirs: [/usr/lib/gcc/arm-linux-gnueabihf/10/include;/usr/local/include;/usr/include/arm-linux-gnueabihf;/usr/include]


Parsed C implicit link information from above output:
  link line regex: [^( *|.*[/\])(ld|CMAKE_LINK_STARTFILE-NOTFOUND|([^/\]+-)?ld|collect2)[^/\]*( |$)]
  ignore line: [Change Dir: /home/bonbonbaron/hack/fluidbean/build/CMakeFiles/CMakeTmp]
  ignore line: []
  ignore line: [Run Build Command(s):/usr/bin/gmake cmTC_a5ef1/fast && /usr/bin/gmake  -f CMakeFiles/cmTC_a5ef1.dir/build.make CMakeFiles/cmTC_a5ef1.dir/build]
  ignore line: [gmake[1]: Entering directory '/home/bonbonbaron/hack/fluidbean/build/CMakeFiles/CMakeTmp']
  ignore line: [Building C object CMakeFiles/cmTC_a5ef1.dir/CMakeCCompilerABI.c.o]
  ignore line: [/usr/bin/cc   -v -o CMakeFiles/cmTC_a5ef1.dir/CMakeCCompilerABI.c.o -c /usr/share/cmake-3.18/Modules/CMakeCCompilerABI.c]
  ignore line: [Using built-in specs.]
  ignore line: [COLLECT_GCC=/usr/bin/cc]
  ignore line: [Target: arm-linux-gnueabihf]
  ignore line: [Configured with: ../src/configure -v --with-pkgversion='Raspbian 10.2.1-6+rpi1' --with-bugurl=file:///usr/share/doc/gcc-10/README.Bugs --enable-languages=c ada c++ go d fortran objc obj-c++ m2 --prefix=/usr --with-gcc-major-version-only --program-suffix=-10 --program-prefix=arm-linux-gnueabihf- --enable-shared --enable-linker-build-id --libexecdir=/usr/lib --without-included-gettext --enable-threads=posix --libdir=/usr/lib --enable-nls --enable-bootstrap --enable-clocale=gnu --enable-libstdcxx-debug --enable-libstdcxx-time=yes --with-default-libstdcxx-abi=new --enable-gnu-unique-object --disable-libitm --disable-libquadmath --disable-libquadmath-support --enable-plugin --with-system-zlib --enable-libphobos-checking=release --with-target-system-zlib=auto --enable-objc-gc=auto --enable-multiarch --disable-sjlj-exceptions --with-arch=armv6 --with-fpu=vfp --with-float=hard --disable-werror --enable-checking=release --build=arm-linux-gnueabihf --host=arm-linux-gnueabihf --target=arm-linux-gnueabihf]
  ignore line: [Thread model: posix]
  ignore line: [Supported LTO compression algorithms: zlib zstd]
  ignore line: [gcc version 10.2.1 20210110 (Raspbian 10.2.1-6+rpi1) ]
  ignore line: [COLLECT_GCC_OPTIONS='-v' '-o' 'CMakeFiles/cmTC_a5ef1.dir/CMakeCCompilerABI.c.o' '-c'  '-mfloat-abi=hard' '-mfpu=vfp' '-mtls-dialect=gnu' '-marm' '-march=armv6+fp']
  ignore line: [ /usr/lib/gcc/arm-linux-gnueabihf/10/cc1 -quiet -v -imultilib . -imultiarch arm-linux-gnueabihf /usr/share/cmake-3.18/Modules/CMakeCCompilerABI.c -quiet -dumpbase CMakeCCompilerABI.c -mfloat-abi=hard -mfpu=vfp -mtls-dialect=gnu -marm -march=armv6+fp -auxbase-strip CMakeFiles/cmTC_a5ef1.dir/CMakeCCompilerABI.c.o -version -o /tmp/ccqheQj0.s]
  ignore line: [GNU C17 (Raspbian 10.2.1-6+rpi1) version 10.2.1 20210110 (arm-linux-gnueabihf)]
  ignore line: [	compiled by GNU C version 10.2.1 20210110  GMP version 6.2.1  MPFR version 4.1.0  MPC version 1.2.0  isl version isl-0.23-GMP]
  ignore line: []
  ignore line: [GGC heuristics: --param ggc-min-expand=100 --param ggc-min-heapsize=131072]
  ignore line: [ignoring nonexistent directory "/usr/local/include/arm-linux-gnueabihf"]
  ignore line: [ignoring nonexistent directory "/usr/lib/gcc/arm-linux-gnueabihf/10/include-fixed"]
  ignore line: [ignoring nonexistent directory "/usr/lib/gcc/arm-linux-gnueabihf/10/../../../../arm-linux-gnueabihf/include"]
  ignore line: [#include "..." search starts here:]
  ignore line: [#include <...> search starts here:]
  ignore line: [ /usr/lib/gcc/arm-linux-gnueabihf/10/include]
  ignore line: [ /usr/local/include]
  ignore line: [ /usr/include/arm-linux-gnueabihf]
  ignore line: [ /usr/include]
  ignore line: [End of search list.]
  ignore line: [GNU C17 (Raspbian 10.2.1-6+rpi1) version 10.2.1 20210110 (arm-linux-gnueabihf)]
  ignore line: [	compiled by GNU C version 10.2.1 20210110  GMP version 6.2.1  MPFR version 4.1.0  MPC version 1.2.0  isl version isl-0.23-GMP]
  ignore line: []
  ignore line: [GGC heuristics: --param ggc-min-expand=100 --param ggc-min-heapsize=131072]
  ignore line: [Compiler executable checksum: b0c2f0ffcfbe7fc710aaf45c31c63944]
  ignore line: [COLLECT_GCC_OPTIONS='-v' '-o' 'CMakeFiles/cmTC_a5ef1.dir/CMakeCCompilerABI.c.o' '-c'  '-mfloat-abi=hard' '-mfpu=vfp' '-mtls-dialect=gnu' '-marm' '-march=armv6+fp']
  ignore line: [ as -v -march=armv6 -mfloat-abi=hard -mfpu=vfp -meabi=5 -o CMakeFiles/cmTC_a5ef1.dir/CMakeCCompilerABI.c.o /tmp/ccqheQj0.s]
  ignore line: [GNU assembler version 2.35.2 (arm-linux-gnueabihf) using BFD version (GNU Binutils for Raspbian) 2.35.2]
  ignore line: [COMPILER_PATH=/usr/lib/gcc/arm-linux-gnueabihf/10/:/usr/lib/gcc/arm-linux-gnueabihf/10/:/usr/lib/gcc/arm-linux-gnueabihf/:/usr/lib/gcc/arm-linux-gnueabihf/10/:/usr/lib/gcc/arm-linux-gnueabihf/]
  ignore line: [LIBRARY_PATH=/usr/lib/gcc/arm-linux-gnueabihf/10/:/usr/lib/gcc/arm-linux-gnueabihf/10/../../../arm-linux-gnueabihf/:/usr/lib/gcc/arm-linux-gnueabihf/10/../../../:/lib/arm-linux-gnueabihf/:/lib/:/usr/lib/arm-linux-gnueabihf/:/usr/lib/]
  ignore line: [COLLECT_GCC_OPTIONS='-v' '-o' 'CMakeFiles/cmTC_a5ef1.dir/CMakeCCompilerABI.c.o' '-c'  '-mfloat-abi=hard' '-mfpu=vfp' '-mtls-dialect=gnu' '-marm' '-march=armv6+fp']
  ignore line: [Linking C executable cmTC_a5ef1]
  ignore line: [/usr/bin/cmake -E cmake_link_script CMakeFiles/cmTC_a5ef1.dir/link.txt --verbose=1]
  ignore line: [/usr/bin/cc  -v -rdynamic CMakeFiles/cmTC_a5ef1.dir/CMakeCCompilerABI.c.o -o cmTC_a5ef1 ]
  ignore line: [Using built-in specs.]
  ignore line: [COLLECT_GCC=/usr/bin/cc]
  ignore line: [COLLECT_LTO_WRAPPER=/usr/lib/gcc/arm-linux-gnueabihf/10/lto-wrapper]
  ignore line: [Target: arm-linux-gnueabihf]
  ignore line: [Configured with: ../src/configure -v --with-pkgversion='Raspbian 10.2.1-6+rpi1' --with-bugurl=file:///usr/share/doc/gcc-10/README.Bugs --enable-languages=c ada c++ go d fortran objc obj-c++ m2 --prefix=/usr --with-gcc-major-version-only --program-suffix=-10 --program-prefix=arm-linux-gnueabihf- --enable-shared --enable-linker-build-id --libexecdir=/usr/lib --without-included-gettext --enable-threads=posix --libdir=/usr/lib --enable-nls --enable-bootstrap --enable-clocale=gnu --enable-libstdcxx-debug --enable-libstdcxx-time=yes --with-default-libstdcxx-abi=new --enable-gnu-unique-object --disable-libitm --disable-libquadmath --disable-libquadmath-support --enable-plugin --with-system-zlib --enable-libphobos-checking=release --with-target-system-zlib=auto --enable-objc-gc=auto --enable-multiarch --disable-sjlj-exceptions --with-arch=armv6 --with-fpu=vfp --with-float=hard --disable-werror --enable-checking=release --build=arm-linux-gnueabihf --host=arm-linux-gnueabihf --target=arm-linux-gnueabihf]
  ignore line: [Thread model: posix]
  ignore line: [Supported LTO compression algorithms: zlib zstd]
  ignore line: [gcc version 10.2.1 20210110 (Raspbian 10.2.1-6+rpi1) ]
  ignore line: [COMPILER_PATH=/usr/lib/gcc/arm-linux-gnueabihf/10/:/usr/lib/gcc/arm-linux-gnueabihf/10/:/usr/lib/gcc/arm-linux-gnueabihf/:/usr/lib/gcc/arm-linux-gnueabihf/10/:/usr/lib/gcc/arm-linux-gnueabihf/]
  ignore line: [LIBRARY_PATH=/usr/lib/gcc/arm-linux-gnueabihf/10/:/usr/lib/gcc/arm-linux-gnueabihf/10/../../../arm-linux-gnueabihf/:/usr/lib/gcc/arm-linux-gnueabihf/10/../../../:/lib/arm-linux-gnueabihf/:/lib/:/usr/lib/arm-linux-gnueabihf/:/usr/lib/]
  ignore line: [COLLECT_GCC_OPTIONS='-v' '-rdynamic' '-o' 'cmTC_a5ef1'  '-mfloat-abi=hard' '-mfpu=vfp' '-mtls-dialect=gnu' '-marm' '-march=armv6+fp']
  link line: [ /usr/lib/gcc/arm-linux-gnueabihf/10/collect2 -plugin /usr/lib/gcc/arm-linux-gnueabihf/10/liblto_plugin.so -plugin-opt=/usr/lib/gcc/arm-linux-gnueabihf/10/lto-wrapper -plugin-opt=-fresolution=/tmp/cccB7rHq.res -plugin-opt=-pass-through=-lgcc -plugin-opt=-pass-through=-lgcc_s -plugin-opt=-pass-through=-lc -plugin-opt=-pass-through=-lgcc -plugin-opt=-pass-through=-lgcc_s --build-id --eh-frame-hdr -export-dynamic -dynamic-linker /lib/ld-linux-armhf.so.3 -X --hash-style=gnu --as-needed -m armelf_linux_eabi -o cmTC_a5ef1 /usr/lib/gcc/arm-linux-gnueabihf/10/../../../arm-linux-gnueabihf/crt1.o /usr/lib/gcc/arm-linux-gnueabihf/10/../../../arm-linux-gnueabihf/crti.o /usr/lib/gcc/arm-linux-gnueabihf/10/crtbegin.o -L/usr/lib/gcc/arm-linux-gnueabihf/10 -L/usr/lib/gcc/arm-linux-gnueabihf/10/../../../arm-linux-gnueabihf -L/usr/lib/gcc/arm-linux-gnueabihf/10/../../.. -L/lib/arm-linux-gnueabihf -L/usr/lib/arm-linux-gnueabihf CMakeFiles/cmTC_a5ef1.dir/CMakeCCompilerABI.c.o -lgcc --push-state --as-needed -lgcc_s --pop-state -lc -lgcc --push-state --as-needed -lgcc_s --pop-state /usr/lib/gcc/arm-linux-gnueabihf/10/crtend.o /usr/lib/gcc/arm-linux-gnueabihf/10/../../../arm-linux-gnueabihf/crtn.o]
    arg [/usr/lib/gcc/arm-linux-gnueabihf/10/collect2] ==> ignore
    arg [-plugin] ==> ignore
    arg [/usr/lib/gcc/arm-linux-gnueabihf/10/liblto_plugin.so] ==> ignore
    arg [-plugin-opt=/usr/lib/gcc/arm-linux-gnueabihf/10/lto-wrapper] ==> ignore
    arg [-plugin-opt=-fresolution=/tmp/cccB7rHq.res] ==> ignore
    arg [-plugin-opt=-pass-through=-lgcc] ==> ignore
    arg [-plugin-opt=-pass-through=-lgcc_s] ==> ignore
    arg [-plugin-opt=-pass-through=-lc] ==> ignore
    arg [-plugin-opt=-pass-through=-lgcc] ==> ignore
    arg [-plugin-opt=-pass-through=-lgcc_s] ==> ignore
    arg [--build-id] ==> ignore
    arg [--eh-frame-hdr] ==> ignore
    arg [-export-dynamic] ==> ignore
    arg [-dynamic-linker] ==> ignore
    arg [/lib/ld-linux-armhf.so.3] ==> ignore
    arg [-X] ==> ignore
    arg [--hash-style=gnu] ==> ignore
    arg [--as-needed] ==> ignore
    arg [-m] ==> ignore
    arg [armelf_linux_eabi] ==> ignore
    arg [-o] ==> ignore
    arg [cmTC_a5ef1] ==> ignore
    arg [/usr/lib/gcc/arm-linux-gnueabihf/10/../../../arm-linux-gnueabihf/crt1.o] ==> ignore
    arg [/usr/lib/gcc/arm-linux-gnueabihf/10/../../../arm-linux-gnueabihf/crti.o] ==> ignore
    arg [/usr/lib/gcc/arm-linux-gnueabihf/10/crtbegin.o] ==> ignore
    arg [-L/usr/lib/gcc/arm-linux-gnueabihf/10] ==> dir [/usr/lib/gcc/arm-linux-gnueabihf/10]
    arg [-L/usr/lib/gcc/arm-linux-gnueabihf/10/../../../arm-linux-gnueabihf] ==> dir [/usr/lib/gcc/arm-linux-gnueabihf/10/../../../arm-linux-gnueabihf]
    arg [-L/usr/lib/gcc/arm-linux-gnueabihf/10/../../..] ==> dir [/usr/lib/gcc/arm-linux-gnueabihf/10/../../..]
    arg [-L/lib/arm-linux-gnueabihf] ==> dir [/lib/arm-linux-gnueabihf]
    arg [-L/usr/lib/arm-linux-gnueabihf] ==> dir [/usr/lib/arm-linux-gnueabihf]
    arg [CMakeFiles/cmTC_a5ef1.dir/CMakeCCompilerABI.c.o] ==> ignore
    arg [-lgcc] ==> lib [gcc]
    arg [--push-state] ==> ignore
    arg [--as-needed] ==> ignore
    arg [-lgcc_s] ==> lib [gcc_s]
    arg [--pop-state] ==> ignore
    arg [-lc] ==> lib [c]
    arg [-lgcc] ==> lib [gcc]
    arg [--push-state] ==> ignore
    arg [--as-needed] ==> ignore
    arg [-lgcc_s] ==> lib [gcc_s]
    arg [--pop-state] ==> ignore
    arg [/usr/lib/gcc/arm-linux-gnueabihf/10/crtend.o] ==> ignore
    arg [/usr/lib/gcc/arm-linux-gnueabihf/10/../../../arm-linux-gnueabihf/crtn.o] ==> ignore
  collapse library dir [/usr/lib/gcc/arm-linux-gnueabihf/10] ==> [/usr/lib/gcc/arm-linux-gnueabihf/10]
  collapse library dir [/usr/lib/gcc/arm-linux-gnueabihf/10/../../../arm-linux-gnueabihf] ==> [/usr/lib/arm-linux-gnueabihf]
  collapse library dir [/usr/lib/gcc/arm-linux-gnueabihf/10/../../..] ==> [/usr/lib]
  collapse library dir [/lib/arm-linux-gnueabihf] ==> [/lib/arm-linux-gnueabihf]
  collapse library dir [/usr/lib/arm-linux-gnueabihf] ==> [/usr/lib/arm-linux-gnueabihf]
  implicit libs: [gcc;gcc_s;c;gcc;gcc_s]
  implicit dirs: [/usr/lib/gcc/arm-linux-gnueabihf/10;/usr/lib/arm-linux-gnueabihf;/usr/lib;/lib/arm-linux-gnueabihf]
  implicit fwks: []


Detecting CXX compiler ABI info compiled with the following output:
Change Dir: /home/bonbonbaron/hack/fluidbean/build/CMakeFiles/CMakeTmp

Run Build Command(s):/usr/bin/gmake cmTC_39786/fast && /usr/bin/gmake  -f CMakeFiles/cmTC_39786.dir/build.make CMakeFiles/cmTC_39786.dir/build
gmake[1]: Entering directory '/home/bonbonbaron/hack/fluidbean/build/CMakeFiles/CMakeTmp'
Building CXX object CMakeFiles/cmTC_39786.dir/CMakeCXXCompilerABI.cpp.o
/usr/bin/c++   -v -o CMakeFiles/cmTC_39786.dir/CMakeCXXCompilerABI.cpp.o -c /usr/share/cmake-3.18/Modules/CMakeCXXCompilerABI.cpp
Using built-in specs.
COLLECT_GCC=/usr/bin/c++
Target: arm-linux-gnueabihf
Configured with: ../src/configure -v --with-pkgversion='Raspbian 10.2.1-6+rpi1' --with-bugurl=file:///usr/share/doc/gcc-10/README.Bugs --enable-languages=c,ada,c++,go,d,fortran,objc,obj-c++,m2 --prefix=/usr --with-gcc-major-version-only --program-suffix=-10 --program-prefix=arm-linux-gnueabihf- --enable-shared --enable-linker-build-id --libexecdir=/usr/lib --without-included-gettext --enable-threads=posix --libdir=/usr/lib --enable-nls --enable-bootstrap --enable-clocale=gnu --enable-libstdcxx-debug --enable-libstdcxx-time=yes --with-default-libstdcxx-abi=new --enable-gnu-unique-object --disable-libitm --disable-libquadmath --disable-libquadmath-support --enable-plugin --with-system-zlib --enable-libphobos-checking=release --with-target-system-zlib=auto --enable-objc-gc=auto --enable-multiarch --disable-sjlj-exceptions --with-arch=armv6 --with-fpu=vfp --with-float=hard --disable-werror --enable-checking=release --build=arm-linux-gnueabihf --host=arm-linux-gnueabihf --target=arm-linux-gnueabihf
Thread model: posix
Supported LTO compression algorithms: zlib zstd
gcc version 10.2.1 20210110 (Raspbian 10.2.1-6+rpi1) 
COLLECT_GCC_OPTIONS='-v' '-o' 'CMakeFiles/cmTC_39786.dir/CMakeCXXCompilerABI.cpp.o' '-c' '-shared-libgcc'  '-mfloat-abi=hard' '-mfpu=vfp' '-mtls-dialect=gnu' '-marm' '-march=armv6+fp'
 /usr/lib/gcc/arm-linux-gnueabihf/10/cc1plus -quiet -v -imultilib . -imultiarch arm-linux-gnueabihf -D_GNU_SOURCE /usr/share/cmake-3.18/Modules/CMakeCXXCompilerABI.cpp -quiet -dumpbase CMakeCXXCompilerABI.cpp -mfloat-abi=hard -mfpu=vfp -mtls-dialect=gnu -marm -march=armv6+fp -auxbase-strip CMakeFiles/cmTC_39786.dir/CMakeCXXCompilerABI.cpp.o -version -o /tmp/ccK9u7YY.s
GNU C++14 (Raspbian 10.2.1-6+rpi1) version 10.2.1 20210110 (arm-linux-gnueabihf)
	compiled by GNU C version 10.2.1 20210110, GMP version 6.2.1, MPFR version 4.1.0, MPC version 1.2.0, isl version isl-0.23-GMP

GGC heuristics: --param ggc-min-expand=100 --param ggc-min-heapsize=131072
ignoring duplicate directory "/usr/include/arm-linux-gnueabihf/c++/10"
ignoring nonexistent directory "/usr/local/include/arm-linux-gnueabihf"
ignoring nonexistent directory "/usr/lib/gcc/arm-linux-gnueabihf/10/include-fixed"
ignoring nonexistent directory "/usr/lib/gcc/arm-linux-gnueabihf/10/../../../../arm-linux-gnueabihf/include"
#include "..." search starts here:
#include <...> search starts here:
 /usr/include/c++/10
 /usr/include/arm-linux-gnueabihf/c++/10
 /usr/include/c++/10/backward
 /usr/lib/gcc/arm-linux-gnueabihf/10/include
 /usr/local/include
 /usr/include/arm-linux-gnueabihf
 /usr/include
End of search list.
GNU C++14 (Raspbian 10.2.1-6+rpi1) version 10.2.1 20210110 (arm-linux-gnueabihf)
	compiled by GNU C version 10.2.1 20210110, GMP version 6.2.1, MPFR version 4.1.0, MPC version 1.2.0, isl version isl-0.23-GMP

GGC heuristics: --param ggc-min-expand=100 --param ggc-min-heapsize=131072
Compiler executable checksum: db87415434a7c3b71e7ddc297314da99
COLLECT_GCC_OPTIONS='-v' '-o' 'CMakeFiles/cmTC_39786.dir/CMakeCXXCompilerABI.cpp.o' '-c' '-shared-libgcc'  '-mfloat-abi=hard' '-mfpu=vfp' '-mtls-dialect=gnu' '-marm' '-march=armv6+fp'
 as -v -march=armv6 -mfloat-abi=hard -mfpu=vfp -meabi=5 -o CMakeFiles/cmTC_39786.dir/CMakeCXXCompilerABI.cpp.o /tmp/ccK9u7YY.s
GNU assembler version 2.35.2 (arm-linux-gnueabihf) using BFD version (GNU Binutils for Raspbian) 2.35.2
COMPILER_PATH=/usr/lib/gcc/arm-linux-gnueabihf/10/:/usr/lib/gcc/arm-linux-gnueabihf/10/:/usr/lib/gcc/arm-linux-gnueabihf/:/usr/lib/gcc/arm-linux-gnueabihf/10/:/usr/lib/gcc/arm-linux-gnueabihf/
LIBRARY_PATH=/usr/lib/gcc/arm-linux-gnueabihf/10/:/usr/lib/gcc/arm-linux-gnueabihf/10/../../../arm-linux-gnueabihf/:/usr/lib/gcc/arm-linux-gnueabihf/10/../../../:/lib/arm-linux-gnueabihf/:/lib/:/usr/lib/arm-linux-gnueabihf/:/usr/lib/
COLLECT_GCC_OPTIONS='-v' '-o' 'CMakeFiles/cmTC_39786.dir/CMakeCXXCompilerABI.cpp.o' '-c' '-shared-libgcc'  '-mfloat-abi=hard' '-mfpu=vfp' '-mtls-dialect=gnu' '-marm' '-march=armv6+fp'
Linking CXX executable cmTC_39786
/usr/bin/cmake -E cmake_link_script CMakeFiles/cmTC_39786.dir/link.txt --verbose=1
/usr/bin/c++  -v -rdynamic CMakeFiles/cmTC_39786.dir/CMakeCXXCompilerABI.cpp.o -o cmTC_39786 
Using built-in specs.
COLLECT_GCC=/usr/bin/c++
COLLECT_LTO_WRAPPER=/usr/lib/gcc/arm-linux-gnueabihf/10/lto-wrapper
Target: arm-linux-gnueabihf
Configured with: ../src/configure -v --with-pkgversion='Raspbian 10.2.1-6+rpi1' --with-bugurl=file:///usr/share/doc/gcc-10/README.Bugs --enable-languages=c,ada,c++,go,d,fortran,objc,obj-c++,m2 --prefix=/usr --with-gcc-major-version-only --program-suffix=-10 --program-prefix=arm-linux-gnueabihf- --enable-shared --enable-linker-build-id --libexecdir=/usr/lib --without-included-gettext --enable-threads=posix --libdir=/usr/lib --enable-nls --enable-bootstrap --enable-clocale=gnu --enable-libstdcxx-debug --enable-libstdcxx-time=yes --with-default-libstdcxx-abi=new --enable-gnu-unique-object --disable-libitm --disable-libquadmath --disable-libquadmath-support --enable-plugin --with-system-zlib --enable-libphobos-checking=release --with-target-system-zlib=auto --enable-objc-gc=auto --enable-multiarch --disable-sjlj-exceptions --with-arch=armv6 --with-fpu=vfp --with-float=hard --disable-werror --enable-checking=release --build=arm-linux-gnueabihf --host=arm-linux-gnueabihf --target=arm-linux-gnueabihf
Thread model: posix
Supported LTO compression algorithms: zlib zstd
gcc version 10.2.1 20210110 (Raspbian 10.2.1-6+rpi1) 
COMPILER_PATH=/usr/lib/gcc/arm-linux-gnueabihf/10/:/usr/lib/gcc/arm-linux-gnueabihf/10/:/usr/lib/gcc/arm-linux-gnueabihf/:/usr/lib/gcc/arm-linux-gnueabihf/10/:/usr/lib/gcc/arm-linux-gnueabihf/
LIBRARY_PATH=/usr/lib/gcc/arm-linux-gnueabihf/10/:/usr/lib/gcc/arm-linux-gnueabihf/10/../../../arm-linux-gnueabihf/:/usr/lib/gcc/arm-linux-gnueabihf/10/../../../:/lib/arm-linux-gnueabihf/:/lib/:/usr/lib/arm-linux-gnueabihf/:/usr/lib/
COLLECT_GCC_OPTIONS='-v' '-rdynamic' '-o' 'cmTC_39786' '-shared-libgcc'  '-mfloat-abi=hard' '-mfpu=vfp' '-mtls-dialect=gnu' '-marm' '-march=armv6+fp'
 /usr/lib/gcc/arm-linux-gnueabihf/10/collect2 -plugin /usr/lib/gcc/arm-linux-gnueabihf/10/liblto_plugin.so -plugin-opt=/usr/lib/gcc/arm-linux-gnueabihf/10/lto-wrapper -plugin-opt=-fresolution=/tmp/ccH3pJuq.res -plugin-opt=-pass-through=-lgcc_s -plugin-opt=-pass-through=-lgcc -plugin-opt=-pass-through=-lc -plugin-opt=-pass-through=-lgcc_s -plugin-opt=-pass-through=-lgcc --build-id --eh-frame-hdr -export-dynamic -dynamic-linker /lib/ld-linux-armhf.so.3 -X --hash-style=gnu --as-needed -m armelf_linux_eabi -o cmTC_39786 /usr/lib/gcc/arm-linux-gnueabihf/10/../../../arm-linux-gnueabihf/crt1.o /usr/lib/gcc/arm-linux-gnueabihf/10/../../../arm-linux-gnueabihf/crti.o /usr/lib/gcc/arm-linux-gnueabihf/10/crtbegin.o -L/usr/lib/gcc/arm-linux-gnueabihf/10 -L/usr/lib/gcc/arm-linux-gnueabihf/10/../../../arm-linux-gnueabihf -L/usr/lib/gcc/arm-linux-gnueabihf/10/../../.. -L/lib/arm-linux-gnueabihf -L/usr/lib/arm-linux-gnueabihf CMakeFiles/cmTC_39786.dir/CMakeCXXCompilerABI.cpp.o -lstdc++ -lm -lgcc_s -lgcc -lc -lgcc_s -lgcc /usr/lib/gcc/arm-linux-gnueabihf/10/crtend.o /usr/lib/gcc/arm-linux-gnueabihf/10/../../../arm-linux-gnueabihf/crtn.o
COLLECT_GCC_OPTIONS='-v' '-rdynamic' '-o' 'cmTC_39786' '-shared-libgcc'  '-mfloat-abi=hard' '-mfpu=vfp' '-mtls-dialect=gnu' '-marm' '-march=armv6+fp'
gmake[1]: Leaving directory '/home/bonbonbaron/hack/fluidbean/build/CMakeFiles/CMakeTmp'



Parsed CXX implicit include dir info from above output: rv=done
  found start of include info
  found start of implicit include info
    add: [/usr/include/c++/10]
    add: [/usr/include/arm-linux-gnueabihf/c++/10]
    add: [/usr/include/c++/10/backward]
    add: [/usr/lib/gcc/arm-linux-gnueabihf/10/include]
    add: [/usr/local/include]
    add: [/usr/include/arm-linux-gnueabihf]
    add: [/usr/include]
  end of search list found
  collapse include dir [/usr/include/c++/10] ==> [/usr/include/c++/10]
  collapse include dir [/usr/include/arm-linux-gnueabihf/c++/10] ==> [/usr/include/arm-linux-gnueabihf/c++/10]
  collapse include dir [/usr/include/c++/10/backward] ==> [/usr/include/c++/10/backward]
  collapse include dir [/usr/lib/gcc/arm-linux-gnueabihf/10/include] ==> [/usr/lib/gcc/arm-linux-gnueabihf/10/include]
  collapse include dir [/usr/local/include] ==> [/usr/local/include]
  collapse include dir [/usr/include/arm-linux-gnueabihf] ==> [/usr/include/arm-linux-gnueabihf]
  collapse include dir [/usr/include] ==> [/usr/include]
  implicit include dirs: [/usr/include/c++/10;/usr/include/arm-linux-gnueabihf/c++/10;/usr/include/c++/10/backward;/usr/lib/gcc/arm-linux-gnueabihf/10/include;/usr/local/include;/usr/include/arm-linux-gnueabihf;/usr/include]


Parsed CXX implicit link information from above output:
  link line regex: [^( *|.*[/\])(ld|CMAKE_LINK_STARTFILE-NOTFOUND|([^/\]+-)?ld|collect2)[^/\]*( |$)]
  ignore line: [Change Dir: /home/bonbonbaron/hack/fluidbean/build/CMakeFiles/CMakeTmp]
  ignore line: []
  ignore line: [Run Build Command(s):/usr/bin/gmake cmTC_39786/fast && /usr/bin/gmake  -f CMakeFiles/cmTC_39786.dir/build.make CMakeFiles/cmTC_39786.dir/build]
  ignore line: [gmake[1]: Entering directory '/home/bonbonbaron/hack/fluidbean/build/CMakeFiles/CMakeTmp']
  ignore line: [Building CXX object CMakeFiles/cmTC_39786.dir/CMakeCXXCompilerABI.cpp.o]
  ignore line: [/usr/bin/c++   -v -o CMakeFiles/cmTC_39786.dir/CMakeCXXCompilerABI.cpp.o -c /usr/share/cmake-3.18/Modules/CMakeCXXCompilerABI.cpp]
  ignore line: [Using built-in specs.]
  ignore line: [COLLECT_GCC=/usr/bin/c++]
  ignore line: [Target: arm-linux-gnueabihf]
  ignore line: [Configured with: ../src/configure -v --with-pkgversion='Raspbian 10.2.1-6+rpi1' --with-bugurl=file:///usr/share/doc/gcc-10/README.Bugs --enable-languages=c ada c++ go d fortran objc obj-c++ m2 --prefix=/usr --with-gcc-major-version-only --program-suffix=-10 --program-prefix=arm-linux-gnueabihf- --enable-shared --enable-linker-build-id --libexecdir=/usr/lib --without-included-gettext --enable-threads=posix --libdir=/usr/lib --enable-nls --enable-bootstrap --enable-clocale=gnu --enable-libstdcxx-debug --enable-libstdcxx-time=yes --with-default-libstdcxx-abi=new --enable-gnu-unique-object --disable-libitm --disable-libquadmath --disable-libquadmath-support --enable-plugin --with-system-zlib --enable-libphobos-checking=release --with-target-system-zlib=auto --enable-objc-gc=auto --enable-multiarch --disable-sjlj-exceptions --with-arch=armv6 --with-fpu=vfp --with-float=hard --disable-werror --enable-checking=release --build=arm-linux-gnueabihf --host=arm-linux-gnueabihf --target=arm-linux-gnueabihf]
  ignore line: [Thread model: posix]
  ignore line: [Supported LTO compression algorithms: zlib zstd]
  ignore line: [gcc version 10.2.1 20210110 (Raspbian 10.2.1-6+rpi1) ]
  ignore line: [COLLECT_GCC_OPTIONS='-v' '-o' 'CMakeFiles/cmTC_39786.dir/CMakeCXXCompilerABI.cpp.o' '-c' '-shared-libgcc'  '-mfloat-abi=hard' '-mfpu=vfp' '-mtls-dialect=gnu' '-marm' '-march=armv6+fp']
  ignore line: [ /usr/lib/gcc/arm-linux-gnueabihf/10/cc1plus -quiet -v -imultilib . -imultiarch arm-linux-gnueabihf -D_GNU_SOURCE /usr/share/cmake-3.18/Modules/CMakeCXXCompilerABI.cpp -quiet -dumpbase CMakeCXXCompilerABI.cpp -mfloat-abi=hard -mfpu=vfp -mtls-dialect=gnu -marm -march=armv6+fp -auxbase-strip CMakeFiles/cmTC_39786.dir/CMakeCXXCompilerABI.cpp.o -version -o /tmp/ccK9u7YY.s]
  ignore line: [GNU C++14 (Raspbian 10.2.1-6+rpi1) version 10.2.1 20210110 (arm-linux-gnueabihf)]
  ignore line: [	compiled by GNU C version 10.2.1 20210110  GMP version 6.2.1  MPFR version 4.1.0  MPC version 1.2.0  isl version isl-0.23-GMP]
  ignore line: []
  ignore line: [GGC heuristics: --param ggc-min-expand=100 --param ggc-min-heapsize=131072]
  ignore line: [ignoring duplicate directory "/usr/include/arm-linux-gnueabihf/c++/10"]
  ignore line: [ignoring nonexistent directory "/usr/local/include/arm-linux-gnueabihf"]
  ignore line: [ignoring nonexistent directory "/usr/lib/gcc/arm-linux-gnueabihf/10/include-fixed"]
  ignore line: [ignoring nonexistent directory "/usr/lib/gcc/arm-linux-gnueabihf/10/../../../../arm-linux-gnueabihf/include"]
  ignore line: [#include "..." search starts here:]
  ignore line: [#include <...> search starts here:]
  ignore line: [ /usr/include/c++/10]
  ignore line: [ /usr/include/arm-linux-gnueabihf/c++/10]
  ignore line: [ /usr/include/c++/10/backward]
  ignore line: [ /usr/lib/gcc/arm-linux-gnueabihf/10/include]
  ignore line: [ /usr/local/include]
  ignore line: [ /usr/include/arm-linux-gnueabihf]
  ignore line: [ /usr/include]
  ignore line: [End of search list.]
  ignore line: [GNU C++14 (Raspbian 10.2.1-6+rpi1) version 10.2.1 20210110 (arm-linux-gnueabihf)]
  ignore line: [	compiled by GNU C version 10.2.1 20210110  GMP version 6.2.1  MPFR version 4.1.0  MPC version 1.2.0  isl version isl-0.23-GMP]
  ignore line: []
  ignore line: [GGC heuristics: --param ggc-min-expand=100 --param ggc-min-heapsize=131072]
  ignore line: [Compiler executable checksum: db87415434a7c3b71e7ddc297314da99]
  ignore line: [COLLECT_GCC_OPTIONS='-v' '-o' 'CMakeFiles/cmTC_39786.dir/CMakeCXXCompilerABI.cpp.o' '-c' '-shared-libgcc'  '-mfloat-abi=hard' '-mfpu=vfp' '-mtls-dialect=gnu' '-marm' '-march=armv6+fp']
  ignore line: [ as -v -march=armv6 -mfloat-abi=hard -mfpu=vfp -meabi=5 -o CMakeFiles/cmTC_39786.dir/CMakeCXXCompilerABI.cpp.o /tmp/ccK9u7YY.s]
  ignore line: [GNU assembler version 2.35.2 (arm-linux-gnueabihf) using BFD version (GNU Binutils for Raspbian) 2.35.2]
  ignore line: [COMPILER_PATH=/usr/lib/gcc/arm-linux-gnueabihf/10/:/usr/lib/gcc/arm-linux-gnueabihf/10/:/usr/lib/gcc/arm-linux-gnueabihf/:/usr/lib/gcc/arm-linux-gnueabihf/10/:/usr/lib/gcc/arm-linux-gnueabihf/]
  ignore line: [LIBRARY_PATH=/usr/lib/gcc/arm-linux-gnueabihf/10/:/usr/lib/gcc/arm-linux-gnueabihf/10/../../../arm-linux-gnueabihf/:/usr/lib/gcc/arm-linux-gnueabihf/10/../../../:/lib/arm-linux-gnueabihf/:/lib/:/usr/lib/arm-linux-gnueabihf/:/usr/lib/]
  ignore line: [COLLECT_GCC_OPTIONS='-v' '-o' 'CMakeFiles/cmTC_39786.dir/CMakeCXXCompilerABI.cpp.o' '-c' '-shared-libgcc'  '-mfloat-abi=hard' '-mfpu=vfp' '-mtls-dialect=gnu' '-marm' '-march=armv6+fp']
  ignore line: [Linking CXX executable cmTC_39786]
  ignore line: [/usr/bin/cmake -E cmake_link_script CMakeFiles/cmTC_39786.dir/link.txt --verbose=1]
  ignore line: [/usr/bin/c++  -v -rdynamic CMakeFiles/cmTC_39786.dir/CMakeCXXCompilerABI.cpp.o -o cmTC_39786 ]
  ignore line: [Using built-in specs.]
  ignore line: [COLLECT_GCC=/usr/bin/c++]
  ignore line: [COLLECT_LTO_WRAPPER=/usr/lib/gcc/arm-linux-gnueabihf/10/lto-wrapper]
  ignore line: [Target: arm-linux-gnueabihf]
  ignore line: [Configured with: ../src/configure -v --with-pkgversion='Raspbian 10.2.1-6+rpi1' --with-bugurl=file:///usr/share/doc/gcc-10/README.Bugs --enable-languages=c ada c++ go d fortran objc obj-c++ m2 --prefix=/usr --with-gcc-major-version-only --program-suffix=-10 --program-prefix=arm-linux-gnueabihf- --enable-shared --enable-linker-build-id --libexecdir=/usr/lib --without-included-gettext --enable-threads=posix --libdir=/usr/lib --enable-nls --enable-bootstrap --enable-clocale=gnu --enable-libstdcxx-debug --enable-libstdcxx-time=yes --with-default-libstdcxx-abi=new --enable-gnu-unique-object --disable-libitm --disable-libquadmath --disable-libquadmath-support --enable-plugin --with-system-zlib --enable-libphobos-checking=release --with-target-system-zlib=auto --enable-objc-gc=auto --enable-multiarch --disable-sjlj-exceptions --with-arch=armv6 --with-fpu=vfp --with-float=hard --disable-werror --enable-checking=release --build=arm-linux-gnueabihf --host=arm-linux-gnueabihf --target=arm-linux-gnueabihf]
  ignore line: [Thread model: posix]
  ignore line: [Supported LTO compression algorithms: zlib zstd]
  ignore line: [gcc version 10.2.1 20210110 (Raspbian 10.2.1-6+rpi1) ]
  ignore line: [COMPILER_PATH=/usr/lib/gcc/arm-linux-gnueabihf/10/:/usr/lib/gcc/arm-linux-gnueabihf/10/:/usr/lib/gcc/arm-linux-gnueabihf/:/usr/lib/gcc/arm-linux-gnueabihf/10/:/usr/lib/gcc/arm-linux-gnueabihf/]
  ignore line: [LIBRARY_PATH=/usr/lib/gcc/arm-linux-gnueabihf/10/:/usr/lib/gcc/arm-linux-gnueabihf/10/../../../arm-linux-gnueabihf/:/usr/lib/gcc/arm-linux-gnueabihf/10/../../../:/lib/arm-linux-gnueabihf/:/lib/:/usr/lib/arm-linux-gnueabihf/:/usr/lib/]
  ignore line: [COLLECT_GCC_OPTIONS='-v' '-rdynamic' '-o' 'cmTC_39786' '-shared-libgcc'  '-mfloat-abi=hard' '-mfpu=vfp' '-mtls-dialect=gnu' '-marm' '-march=armv6+fp']
  link line: [ /usr/lib/gcc/arm-linux-gnueabihf/10/collect2 -plugin /usr/lib/gcc/arm-linux-gnueabihf/10/liblto_plugin.so -plugin-opt=/usr/lib/gcc/arm-linux-gnueabihf/10/lto-wrapper -plugin-opt=-fresolution=/tmp/ccH3pJuq.res -plugin-opt=-pass-through=-lgcc_s -plugin-opt=-pass-through=-lgcc -plugin-opt=-pass-through=-lc -plugin-opt=-pass-through=-lgcc_s -plugin-opt=-pass-through=-lgcc --build-id --eh-frame-hdr -export-dynamic -dynamic-linker /lib/ld-linux-armhf.so.3 -X --hash-style=gnu --as-needed -m armelf_linux_eabi -o cmTC_39786 /usr/lib/gcc/arm-linux-gnueabihf/10/../../../arm-linux-gnueabihf/crt1.o /usr/lib/gcc/arm-linux-gnueabihf/10/../../../arm-linux-gnueabihf/crti.o /usr/lib/gcc/arm-linux-gnueabihf/10/crtbegin.o -L/usr/lib/gcc/arm-linux-gnueabihf/10 -L/usr/lib/gcc/arm-linux-gnueabihf/10/../../../arm-linux-gnueabihf -L/usr/lib/gcc/arm-linux-gnueabihf/10/../../.. -L/lib/arm-linux-gnueabihf -L/usr/lib/arm-linux-gnueabihf CMakeFiles/cmTC_39786.dir/CMakeCXXCompilerABI.cpp.o -lstdc++ -lm -lgcc_s -lgcc -lc -lgcc_s -lgcc /usr/lib/gcc/arm-linux-gnueabihf/10/crtend.o /usr/lib/gcc/arm-linux-gnueabihf/10/../../../arm-linux-gnueabihf/crtn.o]
    arg [/usr/lib/gcc/arm-linux-gnueabihf/10/collect2] ==> ignore
    arg [-plugin] ==> ignore
    arg [/usr/lib/gcc/arm-linux-gnueabihf/10/liblto_plugin.so] ==> ignore
    arg [-plugin-opt=/usr/lib/gcc/arm-linux-gnueabihf/10/lto-wrapper] ==> ignore
    arg [-plugin-opt=-fresolution=/tmp/ccH3pJuq.res] ==> ignore
    arg [-plugin-opt=-pass-through=-lgcc_s] ==> ignore
    arg [-plugin-opt=-pass-through=-lgcc] ==> ignore
    arg [-plugin-opt=-pass-through=-lc] ==> ignore
    arg [-plugin-opt=-pass-through=-lgcc_s] ==> ignore
    arg [-plugin-opt=-pass-through=-lgcc] ==> ignore
    arg [--build-id] ==> ignore
    arg [--eh-frame-hdr] ==> ignore
    arg [-export-dynamic] ==> ignore
    arg [-dynamic-linker] ==> ignore
    arg [/lib/ld-linux-armhf.so.3] ==> ignore
    arg [-X] ==> ignore
    arg [--hash-style=gnu] ==> ignore
    arg [--as-needed] ==> ignore
    arg [-m] ==> ignore
    arg [armelf_linux_eabi] ==> ignore
    arg [-o] ==> ignore
    arg [cmTC_39786] ==> ignore
    arg [/usr/lib/gcc/arm-linux-gnueabihf/10/../../../arm-linux-gnueabihf/crt1.o] ==> ignore
    arg [/usr/lib/gcc/arm-linux-gnueabihf/10/../../../arm-linux-gnueabihf/crti.o] ==> ignore
    arg [/usr/lib/gcc/arm-linux-gnueabihf/10/crtbegin.o] ==> ignore
    arg [-L/usr/lib/gcc/arm-linux-gnueabihf/10] ==> dir [/usr/lib/gcc/arm-linux-gnueabihf/10]
    arg [-L/usr/lib/gcc/arm-linux-gnueabihf/10/../../../arm-linux-gnueabihf] ==> dir [/usr/lib/gcc/arm-linux-gnueabihf/10/../../../arm-linux-gnueabihf]
    arg [-L/usr/lib/gcc/arm-linux-gnueabihf/10/../../..] ==> dir [/usr/lib/gcc/arm-linux-gnueabihf/10/../../..]
    arg [-L/lib/arm-linux-gnueabihf] ==> dir [/lib/arm-linux-gnueabihf]
    arg [-L/usr/lib/arm-linux-gnueabihf] ==> dir [/usr/lib/arm-linux-gnueabihf]
    arg [CMakeFiles/cmTC_39786.dir/CMakeCXXCompilerABI.cpp.o] ==> ignore
    arg [-lstdc++] ==> lib [stdc++]
    arg [-lm] ==> lib [m]
    arg [-lgcc_s] ==> lib [gcc_s]
    arg [-lgcc] ==> lib [gcc]
    arg [-lc] ==> lib [c]
    arg [-lgcc_s] ==> lib [gcc_s]
    arg [-lgcc] ==> lib [gcc]
    arg [/usr/lib/gcc/arm-linux-gnueabihf/10/crtend.o] ==> ignore
    arg [/usr/lib/gcc/arm-linux-gnueabihf/10/../../../arm-linux-gnueabihf/crtn.o] ==> ignore
  collapse library dir [/usr/lib/gcc/arm-linux-gnueabihf/10] ==> [/usr/lib/gcc/arm-linux-gnueabihf/10]
  collapse library dir [/usr/lib/gcc/arm-linux-gnueabihf/10/../../../arm-linux-gnueabihf] ==> [/usr/lib/arm-linux-gnueabihf]
  collapse library dir [/usr/lib/gcc/arm-linux-gnueabihf/10/../../..] ==> [/usr/lib]
  collapse library dir [/lib/arm-linux-gnueabihf] ==> [/lib/arm-linux-gnueabihf]
  collapse library dir [/usr/lib/arm-linux-gnueabihf] ==> [/usr/lib/arm-linux-gnueabihf]
  implicit libs: [stdc++;m;gcc_s;gcc;c;gcc_s;gcc]
  implicit dirs: [/usr/lib/gcc/arm-linux-gnueabihf/10;/usr/lib/arm-linux-gnueabihf;/usr/lib;/lib/arm-linux-gnueabihf]
  implicit fwks: []


Determining if files dlfcn.h;stdint.h;stddef.h;inttypes.h;stdlib.h;strings.h;string.h;float.h exist passed with the following output:
Change Dir: /home/bonbonbaron/hack/fluidbean/build/CMakeFiles/CMakeTmp

Run Build Command(s):/usr/bin/gmake cmTC_181a3/fast && /usr/bin/gmake  -f CMakeFiles/cmTC_181a3.dir/build.make CMakeFiles/cmTC_181a3.dir/build
gmake[1]: Entering directory '/home/bonbonbaron/hack/fluidbean/build/CMakeFiles/CMakeTmp'
Building C object CMakeFiles/cmTC_181a3.dir/StandardHeadersExist.c.o
/usr/bin/cc    -o CMakeFiles/cmTC_181a3.dir/StandardHeadersExist.c.o -c /home/bonbonbaron/hack/fluidbean/build/CMakeFiles/CheckIncludeFiles/StandardHeadersExist.c
Linking C executable cmTC_181a3
/usr/bin/cmake -E cmake_link_script CMakeFiles/cmTC_181a3.dir/link.txt --verbose=1
/usr/bin/cc -rdynamic CMakeFiles/cmTC_181a3.dir/StandardHeadersExist.c.o -o cmTC_181a3 
gmake[1]: Leaving directory '/home/bonbonbaron/hack/fluidbean/build/CMakeFiles/CMakeTmp'



Performing C SOURCE FILE Test memchrExists succeeded with the following output:
Change Dir: /home/bonbonbaron/hack/fluidbean/build/CMakeFiles/CMakeTmp

Run Build Command(s):/usr/bin/gmake cmTC_f1005/fast && /usr/bin/gmake  -f CMakeFiles/cmTC_f1005.dir/build.make CMakeFiles/cmTC_f1005.dir/build
gmake[1]: Entering directory '/home/bonbonbaron/hack/fluidbean/build/CMakeFiles/CMakeTmp'
Building C object CMakeFiles/cmTC_f1005.dir/src.c.o
/usr/bin/cc   -DmemchrExists -o CMakeFiles/cmTC_f1005.dir/src.c.o -c /home/bonbonbaron/hack/fluidbean/build/CMakeFiles/CMakeTmp/src.c
Linking C executable cmTC_f1005
/usr/bin/cmake -E cmake_link_script CMakeFiles/cmTC_f1005.dir/link.txt --verbose=1
/usr/bin/cc  -DmemchrExists -rdynamic CMakeFiles/cmTC_f1005.dir/src.c.o -o cmTC_f1005 
gmake[1]: Leaving directory '/home/bonbonbaron/hack/fluidbean/build/CMakeFiles/CMakeTmp'


Source file was:

#include <string.h>

int main()
{
#ifndef memchr
   int i = sizeof(&memchr);
#endif
  return 0;
}

Performing C SOURCE FILE Test freeExists succeeded with the following output:
Change Dir: /home/bonbonbaron/hack/fluidbean/build/CMakeFiles/CMakeTmp

Run Build Command(s):/usr/bin/gmake cmTC_78d42/fast && /usr/bin/gmake  -f CMakeFiles/cmTC_78d42.dir/build.make CMakeFiles/cmTC_78d42.dir/build
gmake[1]: Entering directory '/home/bonbonbaron/hack/fluidbean/build/CMakeFiles/CMakeTmp'
Building C object CMakeFiles/cmTC_78d42.dir/src.c.o
/usr/bin/cc   -DfreeExists -o CMakeFiles/cmTC_78d42.dir/src.c.o -c /home/bonbonbaron/hack/fluidbean/build/CMakeFiles/CMakeTmp/src.c
Linking C executable cmTC_78d42
/usr/bin/cmake -E cmake_link_script CMakeFiles/cmTC_78d42.dir/link.txt --verbose=1
/usr/bin/cc  -DfreeExists -rdynamic CMakeFiles/cmTC_78d42.dir/src.c.o -o cmTC_78d42 
gmake[1]: Leaving directory '/home/bonbonbaron/hack/fluidbean/build/CMakeFiles/CMakeTmp'


Source file was:

#include <stdlib.h>

int main()
{
#ifndef free
   int i = sizeof(&free);
#endif
  return 0;
}

Determining if files unistd.h exist passed with the following output:
Change Dir: /home/bonbonbaron/hack/fluidbean/build/CMakeFiles/CMakeTmp

Run Build Command(s):/usr/bin/gmake cmTC_3fbe0/fast && /usr/bin/gmake  -f CMakeFiles/cmTC_3fbe0.dir/build.make CMakeFiles/cmTC_3fbe0.dir/build
gmake[1]: Entering directory '/home/bonbonbaron/hack/fluidbean/build/CMakeFiles/CMakeTmp'
Building C object CMakeFiles/cmTC_3fbe0.dir/HAVE_UNISTD_H.c.o
/usr/bin/cc    -o CMakeFiles/cmTC_3fbe0.dir/HAVE_UNISTD_H.c.o -c /home/bonbonbaron/hack/fluidbean/build/CMakeFiles/CheckIncludeFiles/HAVE_UNISTD_H.c
Linking C executable cmTC_3fbe0
/usr/bin/cmake -E cmake_link_script CMakeFiles/cmTC_3fbe0.dir/link.txt --verbose=1
/usr/bin/cc -rdynamic CMakeFiles/cmTC_3fbe0.dir/HAVE_UNISTD_H.c.o -o cmTC_3fbe0 
gmake[1]: Leaving directory '/home/bonbonbaron/hack/fluidbean/build/CMakeFiles/CMakeTmp'



Determining if the DIR symbol is defined as in AC_HEADER_DIRENT passed with the following output:
Change Dir: /home/bonbonbaron/hack/fluidbean/build/CMakeFiles/CMakeTmp

Run Build Command(s):/usr/bin/gmake cmTC_0b3f8/fast && /usr/bin/gmake  -f CMakeFiles/cmTC_0b3f8.dir/build.make CMakeFiles/cmTC_0b3f8.dir/build
gmake[1]: Entering directory '/home/bonbonbaron/hack/fluidbean/build/CMakeFiles/CMakeTmp'
Building C object CMakeFiles/cmTC_0b3f8.dir/CheckDIRSymbolExists.c.o
/usr/bin/cc    -o CMakeFiles/cmTC_0b3f8.dir/CheckDIRSymbolExists.c.o -c /home/bonbonbaron/hack/fluidbean/build/CMakeFiles/CMakeTmp/CheckDIRSymbolExists.c
Linking C executable cmTC_0b3f8
/usr/bin/cmake -E cmake_link_script CMakeFiles/cmTC_0b3f8.dir/link.txt --verbose=1
/usr/bin/cc -rdynamic CMakeFiles/cmTC_0b3f8.dir/CheckDIRSymbolExists.c.o -o cmTC_0b3f8 
gmake[1]: Leaving directory '/home/bonbonbaron/hack/fluidbean/build/CMakeFiles/CMakeTmp'


File /home/bonbonbaron/hack/fluidbean/build/CMakeFiles/CMakeTmp/CheckDIRSymbolExists.c:
/* */
#include <sys/stat.h>
#include <sys/types.h>
#include <dirent.h>

int main()
{if ((DIR *) 0) return 0;}

Determining if the include file stdio.h exists passed with the following output:
Change Dir: /home/bonbonbaron/hack/fluidbean/build/CMakeFiles/CMakeTmp

Run Build Command(s):/usr/bin/gmake cmTC_d15fb/fast && /usr/bin/gmake  -f CMakeFiles/cmTC_d15fb.dir/build.make CMakeFiles/cmTC_d15fb.dir/build
gmake[1]: Entering directory '/home/bonbonbaron/hack/fluidbean/build/CMakeFiles/CMakeTmp'
Building C object CMakeFiles/cmTC_d15fb.dir/CheckIncludeFile.c.o
/usr/bin/cc    -o CMakeFiles/cmTC_d15fb.dir/CheckIncludeFile.c.o -c /home/bonbonbaron/hack/fluidbean/build/CMakeFiles/CMakeTmp/CheckIncludeFile.c
Linking C executable cmTC_d15fb
/usr/bin/cmake -E cmake_link_script CMakeFiles/cmTC_d15fb.dir/link.txt --verbose=1
/usr/bin/cc -rdynamic CMakeFiles/cmTC_d15fb.dir/CheckIncludeFile.c.o -o cmTC_d15fb 
gmake[1]: Leaving directory '/home/bonbonbaron/hack/fluidbean/build/CMakeFiles/CMakeTmp'



Determining if the include file math.h exists passed with the following output:
Change Dir: /home/bonbonbaron/hack/fluidbean/build/CMakeFiles/CMakeTmp

Run Build Command(s):/usr/bin/gmake cmTC_1da73/fast && /usr/bin/gmake  -f CMakeFiles/cmTC_1da73.dir/build.make CMakeFiles/cmTC_1da73.dir/build
gmake[1]: Entering directory '/home/bonbonbaron/hack/fluidbean/build/CMakeFiles/CMakeTmp'
Building C object CMakeFiles/cmTC_1da73.dir/CheckIncludeFile.c.o
/usr/bin/cc    -o CMakeFiles/cmTC_1da73.dir/CheckIncludeFile.c.o -c /home/bonbonbaron/hack/fluidbean/build/CMakeFiles/CMakeTmp/CheckIncludeFile.c
Linking C executable cmTC_1da73
/usr/bin/cmake -E cmake_link_script CMakeFiles/cmTC_1da73.dir/link.txt --verbose=1
/usr/bin/cc -rdynamic CMakeFiles/cmTC_1da73.dir/CheckIncludeFile.c.o -o cmTC_1da73 
gmake[1]: Leaving directory '/home/bonbonbaron/hack/fluidbean/build/CMakeFiles/CMakeTmp'



Determining if the include file errno.h exists passed with the following output:
Change Dir: /home/bonbonbaron/hack/fluidbean/build/CMakeFiles/CMakeTmp

Run Build Command(s):/usr/bin/gmake cmTC_7c46e/fast && /usr/bin/gmake  -f CMakeFiles/cmTC_7c46e.dir/build.make CMakeFiles/cmTC_7c46e.dir/build
gmake[1]: Entering directory '/home/bonbonbaron/hack/fluidbean/build/CMakeFiles/CMakeTmp'
Building C object CMakeFiles/cmTC_7c46e.dir/CheckIncludeFile.c.o
/usr/bin/cc    -o CMakeFiles/cmTC_7c46e.dir/CheckIncludeFile.c.o -c /home/bonbonbaron/hack/fluidbean/build/CMakeFiles/CMakeTmp/CheckIncludeFile.c
Linking C executable cmTC_7c46e
/usr/bin/cmake -E cmake_link_script CMakeFiles/cmTC_7c46e.dir/link.txt --verbose=1
/usr/bin/cc -rdynamic CMakeFiles/cmTC_7c46e.dir/CheckIncludeFile.c.o -o cmTC_7c46e 
gmake[1]: Leaving directory '/home/bonbonbaron/hack/fluidbean/build/CMakeFiles/CMakeTmp'



Determining if the include file stdarg.h exists passed with the following output:
Change Dir: /home/bonbonbaron/hack/fluidbean/build/CMakeFiles/CMakeTmp

Run Build Command(s):/usr/bin/gmake cmTC_60af5/fast && /usr/bin/gmake  -f CMakeFiles/cmTC_60af5.dir/build.make CMakeFiles/cmTC_60af5.dir/build
gmake[1]: Entering directory '/home/bonbonbaron/hack/fluidbean/build/CMakeFiles/CMakeTmp'
Building C object CMakeFiles/cmTC_60af5.dir/CheckIncludeFile.c.o
/usr/bin/cc    -o CMakeFiles/cmTC_60af5.dir/CheckIncludeFile.c.o -c /home/bonbonbaron/hack/fluidbean/build/CMakeFiles/CMakeTmp/CheckIncludeFile.c
Linking C executable cmTC_60af5
/usr/bin/cmake -E cmake_link_script CMakeFiles/cmTC_60af5.dir/link.txt --verbose=1
/usr/bin/cc -rdynamic CMakeFiles/cmTC_60af5.dir/CheckIncludeFile.c.o -o cmTC_60af5 
gmake[1]: Leaving directory '/home/bonbonbaron/hack/fluidbean/build/CMakeFiles/CMakeTmp'



Determining if the include file sys/mman.h exists passed with the following output:
Change Dir: /home/bonbonbaron/hack/fluidbean/build/CMakeFiles/CMakeTmp

Run Build Command(s):/usr/bin/gmake cmTC_d96fb/fast && /usr/bin/gmake  -f CMakeFiles/cmTC_d96fb.dir/build.make CMakeFiles/cmTC_d96fb.dir/build
gmake[1]: Entering directory '/home/bonbonbaron/hack/fluidbean/build/CMakeFiles/CMakeTmp'
Building C object CMakeFiles/cmTC_d96fb.dir/CheckIncludeFile.c.o
/usr/bin/cc    -o CMakeFiles/cmTC_d96fb.dir/CheckIncludeFile.c.o -c /home/bonbonbaron/hack/fluidbean/build/CMakeFiles/CMakeTmp/CheckIncludeFile.c
Linking C executable cmTC_d96fb
/usr/bin/cmake -E cmake_link_script CMakeFiles/cmTC_d96fb.dir/link.txt --verbose=1
/usr/bin/cc -rdynamic CMakeFiles/cmTC_d96fb.dir/CheckIncludeFile.c.o -o cmTC_d96fb 
gmake[1]: Leaving directory '/home/bonbonbaron/hack/fluidbean/build/CMakeFiles/CMakeTmp'



Determining if the include file sys/time.h exists passed with the following output:
Change Dir: /home/bonbonbaron/hack/fluidbean/build/CMakeFiles/CMakeTmp

Run Build Command(s):/usr/bin/gmake cmTC_07767/fast && /usr/bin/gmake  -f CMakeFiles/cmTC_07767.dir/build.make CMakeFiles/cmTC_07767.dir/build
gmake[1]: Entering directory '/home/bonbonbaron/hack/fluidbean/build/CMakeFiles/CMakeTmp'
Building C object CMakeFiles/cmTC_07767.dir/CheckIncludeFile.c.o
/usr/bin/cc    -o CMakeFiles/cmTC_07767.dir/CheckIncludeFile.c.o -c /home/bonbonbaron/hack/fluidbean/build/CMakeFiles/CMakeTmp/CheckIncludeFile.c
Linking C executable cmTC_07767
/usr/bin/cmake -E cmake_link_script CMakeFiles/cmTC_07767.dir/link.txt --verbose=1
/usr/bin/cc -rdynamic CMakeFiles/cmTC_07767.dir/CheckIncludeFile.c.o -o cmTC_07767 
gmake[1]: Leaving directory '/home/bonbonbaron/hack/fluidbean/build/CMakeFiles/CMakeTmp'



Determining if the include file fcntl.h exists passed with the following output:
Change Dir: /home/bonbonbaron/hack/fluidbean/build/CMakeFiles/CMakeTmp

Run Build Command(s):/usr/bin/gmake cmTC_cfe34/fast && /usr/bin/gmake  -f CMakeFiles/cmTC_cfe34.dir/build.make CMakeFiles/cmTC_cfe34.dir/build
gmake[1]: Entering directory '/home/bonbonbaron/hack/fluidbean/build/CMakeFiles/CMakeTmp'
Building C object CMakeFiles/cmTC_cfe34.dir/CheckIncludeFile.c.o
/usr/bin/cc    -o CMakeFiles/cmTC_cfe34.dir/CheckIncludeFile.c.o -c /home/bonbonbaron/hack/fluidbean/build/CMakeFiles/CMakeTmp/CheckIncludeFile.c
Linking C executable cmTC_cfe34
/usr/bin/cmake -E cmake_link_script CMakeFiles/cmTC_cfe34.dir/link.txt --verbose=1
/usr/bin/cc -rdynamic CMakeFiles/cmTC_cfe34.dir/CheckIncludeFile.c.o -o cmTC_cfe34 
gmake[1]: Leaving directory '/home/bonbonbaron/hack/fluidbean/build/CMakeFiles/CMakeTmp'



Determining if the include file sys/socket.h exists passed with the following output:
Change Dir: /home/bonbonbaron/hack/fluidbean/build/CMakeFiles/CMakeTmp

Run Build Command(s):/usr/bin/gmake cmTC_339cb/fast && /usr/bin/gmake  -f CMakeFiles/cmTC_339cb.dir/build.make CMakeFiles/cmTC_339cb.dir/build
gmake[1]: Entering directory '/home/bonbonbaron/hack/fluidbean/build/CMakeFiles/CMakeTmp'
Building C object CMakeFiles/cmTC_339cb.dir/CheckIncludeFile.c.o
/usr/bin/cc    -o CMakeFiles/cmTC_339cb.dir/CheckIncludeFile.c.o -c /home/bonbonbaron/hack/fluidbean/build/CMakeFiles/CMakeTmp/CheckIncludeFile.c
Linking C executable cmTC_339cb
/usr/bin/cmake -E cmake_link_script CMakeFiles/cmTC_339cb.dir/link.txt --verbose=1
/usr/bin/cc -rdynamic CMakeFiles/cmTC_339cb.dir/CheckIncludeFile.c.o -o cmTC_339cb 
gmake[1]: Leaving directory '/home/bonbonbaron/hack/fluidbean/build/CMakeFiles/CMakeTmp'



Determining if the include file netinet/in.h exists passed with the following output:
Change Dir: /home/bonbonbaron/hack/fluidbean/build/CMakeFiles/CMakeTmp

Run Build Command(s):/usr/bin/gmake cmTC_b6ccb/fast && /usr/bin/gmake  -f CMakeFiles/cmTC_b6ccb.dir/build.make CMakeFiles/cmTC_b6ccb.dir/build
gmake[1]: Entering directory '/home/bonbonbaron/hack/fluidbean/build/CMakeFiles/CMakeTmp'
Building C object CMakeFiles/cmTC_b6ccb.dir/CheckIncludeFile.c.o
/usr/bin/cc    -o CMakeFiles/cmTC_b6ccb.dir/CheckIncludeFile.c.o -c /home/bonbonbaron/hack/fluidbean/build/CMakeFiles/CMakeTmp/CheckIncludeFile.c
Linking C executable cmTC_b6ccb
/usr/bin/cmake -E cmake_link_script CMakeFiles/cmTC_b6ccb.dir/link.txt --verbose=1
/usr/bin/cc -rdynamic CMakeFiles/cmTC_b6ccb.dir/CheckIncludeFile.c.o -o cmTC_b6ccb 
gmake[1]: Leaving directory '/home/bonbonbaron/hack/fluidbean/build/CMakeFiles/CMakeTmp'



Determining if the include file netinet/tcp.h exists passed with the following output:
Change Dir: /home/bonbonbaron/hack/fluidbean/build/CMakeFiles/CMakeTmp

Run Build Command(s):/usr/bin/gmake cmTC_29f78/fast && /usr/bin/gmake  -f CMakeFiles/cmTC_29f78.dir/build.make CMakeFiles/cmTC_29f78.dir/build
gmake[1]: Entering directory '/home/bonbonbaron/hack/fluidbean/build/CMakeFiles/CMakeTmp'
Building C object CMakeFiles/cmTC_29f78.dir/CheckIncludeFile.c.o
/usr/bin/cc    -o CMakeFiles/cmTC_29f78.dir/CheckIncludeFile.c.o -c /home/bonbonbaron/hack/fluidbean/build/CMakeFiles/CMakeTmp/CheckIncludeFile.c
Linking C executable cmTC_29f78
/usr/bin/cmake -E cmake_link_script CMakeFiles/cmTC_29f78.dir/link.txt --verbose=1
/usr/bin/cc -rdynamic CMakeFiles/cmTC_29f78.dir/CheckIncludeFile.c.o -o cmTC_29f78 
gmake[1]: Leaving directory '/home/bonbonbaron/hack/fluidbean/build/CMakeFiles/CMakeTmp'



Determining if the include file arpa/inet.h exists passed with the following output:
Change Dir: /home/bonbonbaron/hack/fluidbean/build/CMakeFiles/CMakeTmp

Run Build Command(s):/usr/bin/gmake cmTC_3c4bf/fast && /usr/bin/gmake  -f CMakeFiles/cmTC_3c4bf.dir/build.make CMakeFiles/cmTC_3c4bf.dir/build
gmake[1]: Entering directory '/home/bonbonbaron/hack/fluidbean/build/CMakeFiles/CMakeTmp'
Building C object CMakeFiles/cmTC_3c4bf.dir/CheckIncludeFile.c.o
/usr/bin/cc    -o CMakeFiles/cmTC_3c4bf.dir/CheckIncludeFile.c.o -c /home/bonbonbaron/hack/fluidbean/build/CMakeFiles/CMakeTmp/CheckIncludeFile.c
Linking C executable cmTC_3c4bf
/usr/bin/cmake -E cmake_link_script CMakeFiles/cmTC_3c4bf.dir/link.txt --verbose=1
/usr/bin/cc -rdynamic CMakeFiles/cmTC_3c4bf.dir/CheckIncludeFile.c.o -o cmTC_3c4bf 
gmake[1]: Leaving directory '/home/bonbonbaron/hack/fluidbean/build/CMakeFiles/CMakeTmp'



Determining if the include file limits.h exists passed with the following output:
Change Dir: /home/bonbonbaron/hack/fluidbean/build/CMakeFiles/CMakeTmp

Run Build Command(s):/usr/bin/gmake cmTC_cd06a/fast && /usr/bin/gmake  -f CMakeFiles/cmTC_cd06a.dir/build.make CMakeFiles/cmTC_cd06a.dir/build
gmake[1]: Entering directory '/home/bonbonbaron/hack/fluidbean/build/CMakeFiles/CMakeTmp'
Building C object CMakeFiles/cmTC_cd06a.dir/CheckIncludeFile.c.o
/usr/bin/cc    -o CMakeFiles/cmTC_cd06a.dir/CheckIncludeFile.c.o -c /home/bonbonbaron/hack/fluidbean/build/CMakeFiles/CMakeTmp/CheckIncludeFile.c
Linking C executable cmTC_cd06a
/usr/bin/cmake -E cmake_link_script CMakeFiles/cmTC_cd06a.dir/link.txt --verbose=1
/usr/bin/cc -rdynamic CMakeFiles/cmTC_cd06a.dir/CheckIncludeFile.c.o -o cmTC_cd06a 
gmake[1]: Leaving directory '/home/bonbonbaron/hack/fluidbean/build/CMakeFiles/CMakeTmp'



Determining if the include file pthread.h exists passed with the following output:
Change Dir: /home/bonbonbaron/hack/fluidbean/build/CMakeFiles/CMakeTmp

Run Build Command(s):/usr/bin/gmake cmTC_cf48c/fast && /usr/bin/gmake  -f CMakeFiles/cmTC_cf48c.dir/build.make CMakeFiles/cmTC_cf48c.dir/build
gmake[1]: Entering directory '/home/bonbonbaron/hack/fluidbean/build/CMakeFiles/CMakeTmp'
Building C object CMakeFiles/cmTC_cf48c.dir/CheckIncludeFile.c.o
/usr/bin/cc    -o CMakeFiles/cmTC_cf48c.dir/CheckIncludeFile.c.o -c /home/bonbonbaron/hack/fluidbean/build/CMakeFiles/CMakeTmp/CheckIncludeFile.c
Linking C executable cmTC_cf48c
/usr/bin/cmake -E cmake_link_script CMakeFiles/cmTC_cf48c.dir/link.txt --verbose=1
/usr/bin/cc -rdynamic CMakeFiles/cmTC_cf48c.dir/CheckIncludeFile.c.o -o cmTC_cf48c 
gmake[1]: Leaving directory '/home/bonbonbaron/hack/fluidbean/build/CMakeFiles/CMakeTmp'



Determining if the include file signal.h exists passed with the following output:
Change Dir: /home/bonbonbaron/hack/fluidbean/build/CMakeFiles/CMakeTmp

Run Build Command(s):/usr/bin/gmake cmTC_18189/fast && /usr/bin/gmake  -f CMakeFiles/cmTC_18189.dir/build.make CMakeFiles/cmTC_18189.dir/build
gmake[1]: Entering directory '/home/bonbonbaron/hack/fluidbean/build/CMakeFiles/CMakeTmp'
Building C object CMakeFiles/cmTC_18189.dir/CheckIncludeFile.c.o
/usr/bin/cc    -o CMakeFiles/cmTC_18189.dir/CheckIncludeFile.c.o -c /home/bonbonbaron/hack/fluidbean/build/CMakeFiles/CMakeTmp/CheckIncludeFile.c
Linking C executable cmTC_18189
/usr/bin/cmake -E cmake_link_script CMakeFiles/cmTC_18189.dir/link.txt --verbose=1
/usr/bin/cc -rdynamic CMakeFiles/cmTC_18189.dir/CheckIncludeFile.c.o -o cmTC_18189 
gmake[1]: Leaving directory '/home/bonbonbaron/hack/fluidbean/build/CMakeFiles/CMakeTmp'



Determining if the include file getopt.h exists passed with the following output:
Change Dir: /home/bonbonbaron/hack/fluidbean/build/CMakeFiles/CMakeTmp

Run Build Command(s):/usr/bin/gmake cmTC_6a630/fast && /usr/bin/gmake  -f CMakeFiles/cmTC_6a630.dir/build.make CMakeFiles/cmTC_6a630.dir/build
gmake[1]: Entering directory '/home/bonbonbaron/hack/fluidbean/build/CMakeFiles/CMakeTmp'
Building C object CMakeFiles/cmTC_6a630.dir/CheckIncludeFile.c.o
/usr/bin/cc    -o CMakeFiles/cmTC_6a630.dir/CheckIncludeFile.c.o -c /home/bonbonbaron/hack/fluidbean/build/CMakeFiles/CMakeTmp/CheckIncludeFile.c
Linking C executable cmTC_6a630
/usr/bin/cmake -E cmake_link_script CMakeFiles/cmTC_6a630.dir/link.txt --verbose=1
/usr/bin/cc -rdynamic CMakeFiles/cmTC_6a630.dir/CheckIncludeFile.c.o -o cmTC_6a630 
gmake[1]: Leaving directory '/home/bonbonbaron/hack/fluidbean/build/CMakeFiles/CMakeTmp'



Determining size of long long passed with the following output:
Change Dir: /home/bonbonbaron/hack/fluidbean/build/CMakeFiles/CMakeTmp

Run Build Command(s):/usr/bin/gmake cmTC_352aa/fast && /usr/bin/gmake  -f CMakeFiles/cmTC_352aa.dir/build.make CMakeFiles/cmTC_352aa.dir/build
gmake[1]: Entering directory '/home/bonbonbaron/hack/fluidbean/build/CMakeFiles/CMakeTmp'
Building C object CMakeFiles/cmTC_352aa.dir/LONG_LONG.c.o
/usr/bin/cc    -o CMakeFiles/cmTC_352aa.dir/LONG_LONG.c.o -c /home/bonbonbaron/hack/fluidbean/build/CMakeFiles/CheckTypeSize/LONG_LONG.c
Linking C executable cmTC_352aa
/usr/bin/cmake -E cmake_link_script CMakeFiles/cmTC_352aa.dir/link.txt --verbose=1
/usr/bin/cc -rdynamic CMakeFiles/cmTC_352aa.dir/LONG_LONG.c.o -o cmTC_352aa 
gmake[1]: Leaving directory '/home/bonbonbaron/hack/fluidbean/build/CMakeFiles/CMakeTmp'



